[2025-04-18T17:42:26.251+0000] {taskinstance.py:1159} INFO - Dependencies all met for dep_context=non-requeueable deps ti=<TaskInstance: data_ingestion.bq_transactions_salesdata_external_table_task manual__2025-04-18T03:20:57.015355+00:00 [queued]>
[2025-04-18T17:42:26.266+0000] {taskinstance.py:1159} INFO - Dependencies all met for dep_context=requeueable deps ti=<TaskInstance: data_ingestion.bq_transactions_salesdata_external_table_task manual__2025-04-18T03:20:57.015355+00:00 [queued]>
[2025-04-18T17:42:26.268+0000] {taskinstance.py:1361} INFO - Starting attempt 4 of 4
[2025-04-18T17:42:26.287+0000] {taskinstance.py:1382} INFO - Executing <Task(BigQueryCreateExternalTableOperator): bq_transactions_salesdata_external_table_task> on 2025-04-18 03:20:57.015355+00:00
[2025-04-18T17:42:26.296+0000] {standard_task_runner.py:57} INFO - Started process 1494 to run task
[2025-04-18T17:42:26.337+0000] {standard_task_runner.py:84} INFO - Running: ['***', 'tasks', 'run', 'data_ingestion', 'bq_transactions_salesdata_external_table_task', 'manual__2025-04-18T03:20:57.015355+00:00', '--job-id', '55', '--raw', '--subdir', 'DAGS_FOLDER/data_ingestion.py', '--cfg-path', '/tmp/tmpvdb7gbua']
[2025-04-18T17:42:26.343+0000] {standard_task_runner.py:85} INFO - Job 55: Subtask bq_transactions_salesdata_external_table_task
[2025-04-18T17:42:26.368+0000] {warnings.py:109} WARNING - /home/***/.local/lib/python3.10/site-packages/***/settings.py:195: DeprecationWarning: The sql_alchemy_conn option in [core] has been moved to the sql_alchemy_conn option in [database] - the old setting has been used, but please update your config.
  SQL_ALCHEMY_CONN = conf.get("database", "SQL_ALCHEMY_CONN")

[2025-04-18T17:42:26.463+0000] {task_command.py:416} INFO - Running <TaskInstance: data_ingestion.bq_transactions_salesdata_external_table_task manual__2025-04-18T03:20:57.015355+00:00 [running]> on host 30488d8db4a7
[2025-04-18T17:42:26.657+0000] {taskinstance.py:1662} INFO - Exporting env vars: AIRFLOW_CTX_DAG_OWNER='***' AIRFLOW_CTX_DAG_ID='data_ingestion' AIRFLOW_CTX_TASK_ID='bq_transactions_salesdata_external_table_task' AIRFLOW_CTX_EXECUTION_DATE='2025-04-18T03:20:57.015355+00:00' AIRFLOW_CTX_TRY_NUMBER='4' AIRFLOW_CTX_DAG_RUN_ID='manual__2025-04-18T03:20:57.015355+00:00'
[2025-04-18T17:42:26.662+0000] {crypto.py:82} WARNING - empty cryptography key - values will not be stored encrypted.
[2025-04-18T17:42:26.663+0000] {connection.py:232} WARNING - Connection schemes (type: google_cloud_platform) shall not contain '_' according to RFC3986.
[2025-04-18T17:42:26.665+0000] {base.py:73} INFO - Using connection ID 'google_cloud_default' for task execution.
[2025-04-18T17:42:27.101+0000] {taskinstance.py:1937} ERROR - Task failed with exception
Traceback (most recent call last):
  File "/home/airflow/.local/lib/python3.10/site-packages/airflow/providers/google/cloud/operators/bigquery.py", line 1777, in execute
    table = bq_hook.create_empty_table(
  File "/home/airflow/.local/lib/python3.10/site-packages/airflow/providers/google/common/hooks/base_google.py", line 475, in inner_wrapper
    return func(self, *args, **kwargs)
  File "/home/airflow/.local/lib/python3.10/site-packages/airflow/providers/google/cloud/hooks/bigquery.py", line 420, in create_empty_table
    return self.get_client(project_id=project_id, location=location).create_table(
  File "/home/airflow/.local/lib/python3.10/site-packages/google/cloud/bigquery/client.py", line 809, in create_table
    api_response = self._call_api(
  File "/home/airflow/.local/lib/python3.10/site-packages/google/cloud/bigquery/client.py", line 843, in _call_api
    return call()
  File "/home/airflow/.local/lib/python3.10/site-packages/google/api_core/retry/retry_unary.py", line 293, in retry_wrapped_func
    return retry_target(
  File "/home/airflow/.local/lib/python3.10/site-packages/google/api_core/retry/retry_unary.py", line 153, in retry_target
    _retry_error_helper(
  File "/home/airflow/.local/lib/python3.10/site-packages/google/api_core/retry/retry_base.py", line 212, in _retry_error_helper
    raise final_exc from source_exc
  File "/home/airflow/.local/lib/python3.10/site-packages/google/api_core/retry/retry_unary.py", line 144, in retry_target
    result = target()
  File "/home/airflow/.local/lib/python3.10/site-packages/google/cloud/_http/__init__.py", line 494, in api_request
    raise exceptions.from_http_response(response)
google.api_core.exceptions.BadRequest: 400 POST https://bigquery.googleapis.com/bigquery/v2/projects/fashion-retail-sales-project/datasets/fashion_sales_dataset/tables?prettyPrint=false: Invalid field name "Invoice ID". Fields must contain only letters, numbers, and underscores, start with a letter or underscore, and be at most 300 characters long.
[2025-04-18T17:42:27.174+0000] {taskinstance.py:1400} INFO - Marking task as FAILED. dag_id=data_ingestion, task_id=bq_transactions_salesdata_external_table_task, execution_date=20250418T032057, start_date=20250418T174226, end_date=20250418T174227
[2025-04-18T17:42:27.201+0000] {standard_task_runner.py:104} ERROR - Failed to execute job 55 for task bq_transactions_salesdata_external_table_task (400 POST https://bigquery.googleapis.com/bigquery/v2/projects/fashion-retail-sales-project/datasets/fashion_sales_dataset/tables?prettyPrint=false: Invalid field name "Invoice ID". Fields must contain only letters, numbers, and underscores, start with a letter or underscore, and be at most 300 characters long.; 1494)
[2025-04-18T17:42:27.239+0000] {local_task_job_runner.py:228} INFO - Task exited with return code 1
[2025-04-18T17:42:27.296+0000] {taskinstance.py:2778} INFO - 0 downstream tasks scheduled from follow-on schedule check
