[0m01:44:06.023681 [debug] [MainThread]: Sending event: {'category': 'dbt', 'action': 'invocation', 'label': 'start', 'context': [<snowplow_tracker.self_describing_json.SelfDescribingJson object at 0x112c29050>, <snowplow_tracker.self_describing_json.SelfDescribingJson object at 0x112c4a950>, <snowplow_tracker.self_describing_json.SelfDescribingJson object at 0x112c89ed0>]}


============================== 01:44:06.032403 | cf9d7153-7bd0-4a69-bbc8-d92b9928eda9 ==============================
[0m01:44:06.032403 [info ] [MainThread]: Running with dbt=1.9.4
[0m01:44:06.033413 [debug] [MainThread]: running dbt with arguments {'printer_width': '80', 'indirect_selection': 'eager', 'write_json': 'True', 'log_cache_events': 'False', 'partial_parse': 'True', 'cache_selected_only': 'False', 'warn_error': 'None', 'version_check': 'True', 'profiles_dir': '/Users/lbw1125/.dbt', 'log_path': 'logs', 'fail_fast': 'False', 'debug': 'False', 'use_colors': 'True', 'use_experimental_parser': 'False', 'empty': 'None', 'quiet': 'False', 'no_print': 'None', 'log_format': 'default', 'introspect': 'True', 'invocation_command': 'dbt init', 'static_parser': 'True', 'target_path': 'None', 'warn_error_options': 'WarnErrorOptions(include=[], exclude=[])', 'send_anonymous_usage_stats': 'True'}
[0m01:44:15.292394 [debug] [MainThread]: Starter project path: /usr/local/lib/python3.11/site-packages/dbt/include/starter_project
[0m01:44:15.303830 [info ] [MainThread]: 
Your new dbt project "fashion_retail_sales_project" was created!

For more information on how to configure the profiles.yml file,
please consult the dbt documentation here:

  https://docs.getdbt.com/docs/configure-your-profile

One more thing:

Need help? Don't hesitate to reach out to us via GitHub issues or on Slack:

  https://community.getdbt.com/

Happy modeling!

[0m01:44:15.304621 [info ] [MainThread]: Setting up your profile.
[0m01:44:20.900795 [debug] [MainThread]: Resource report: {"command_name": "init", "command_success": true, "command_wall_clock_time": 14.989187, "process_in_blocks": "0", "process_kernel_time": 0.479369, "process_mem_max_rss": "96423936", "process_out_blocks": "0", "process_user_time": 1.80722}
[0m01:44:20.901846 [debug] [MainThread]: Command `dbt init` succeeded at 01:44:20.901581 after 14.99 seconds
[0m01:44:20.902791 [debug] [MainThread]: Sending event: {'category': 'dbt', 'action': 'invocation', 'label': 'end', 'context': [<snowplow_tracker.self_describing_json.SelfDescribingJson object at 0x10eac0390>, <snowplow_tracker.self_describing_json.SelfDescribingJson object at 0x112c8ba10>, <snowplow_tracker.self_describing_json.SelfDescribingJson object at 0x112a14450>]}
[0m01:44:20.903569 [debug] [MainThread]: Flushing usage events
[0m01:44:21.335050 [debug] [MainThread]: An error was encountered while trying to flush usage events
[0m01:49:25.343629 [debug] [MainThread]: Sending event: {'category': 'dbt', 'action': 'invocation', 'label': 'start', 'context': [<snowplow_tracker.self_describing_json.SelfDescribingJson object at 0x109677990>, <snowplow_tracker.self_describing_json.SelfDescribingJson object at 0x1096fc9d0>, <snowplow_tracker.self_describing_json.SelfDescribingJson object at 0x1096fd250>]}


============================== 01:49:25.350247 | a757d5c1-e60a-447e-aade-b2d31230a23f ==============================
[0m01:49:25.350247 [info ] [MainThread]: Running with dbt=1.9.4
[0m01:49:25.351402 [debug] [MainThread]: running dbt with arguments {'printer_width': '80', 'indirect_selection': 'eager', 'log_cache_events': 'False', 'write_json': 'True', 'partial_parse': 'True', 'cache_selected_only': 'False', 'profiles_dir': '/Users/lbw1125/.dbt', 'version_check': 'True', 'fail_fast': 'False', 'log_path': 'logs', 'debug': 'False', 'warn_error': 'None', 'use_colors': 'True', 'use_experimental_parser': 'False', 'empty': 'None', 'quiet': 'False', 'no_print': 'None', 'log_format': 'default', 'introspect': 'True', 'invocation_command': 'dbt init', 'static_parser': 'True', 'target_path': 'None', 'warn_error_options': 'WarnErrorOptions(include=[], exclude=[])', 'send_anonymous_usage_stats': 'True'}
[0m01:49:30.861628 [debug] [MainThread]: Starter project path: /usr/local/lib/python3.11/site-packages/dbt/include/starter_project
[0m01:49:30.874687 [info ] [MainThread]: 
Your new dbt project "fashion_retail_sales_project" was created!

For more information on how to configure the profiles.yml file,
please consult the dbt documentation here:

  https://docs.getdbt.com/docs/configure-your-profile

One more thing:

Need help? Don't hesitate to reach out to us via GitHub issues or on Slack:

  https://community.getdbt.com/

Happy modeling!

[0m01:49:30.875527 [info ] [MainThread]: Setting up your profile.
[0m01:49:32.397710 [debug] [MainThread]: Resource report: {"command_name": "init", "command_success": true, "command_wall_clock_time": 7.1671677, "process_in_blocks": "0", "process_kernel_time": 0.254115, "process_mem_max_rss": "96382976", "process_out_blocks": "0", "process_user_time": 1.58096}
[0m01:49:32.399248 [debug] [MainThread]: Command `dbt init` succeeded at 01:49:32.398812 after 7.17 seconds
[0m01:49:32.400255 [debug] [MainThread]: Sending event: {'category': 'dbt', 'action': 'invocation', 'label': 'end', 'context': [<snowplow_tracker.self_describing_json.SelfDescribingJson object at 0x105554390>, <snowplow_tracker.self_describing_json.SelfDescribingJson object at 0x108bacd90>, <snowplow_tracker.self_describing_json.SelfDescribingJson object at 0x109675f50>]}
[0m01:49:32.401127 [debug] [MainThread]: Flushing usage events
[0m01:49:32.810200 [debug] [MainThread]: An error was encountered while trying to flush usage events
[0m01:49:40.781035 [debug] [MainThread]: Sending event: {'category': 'dbt', 'action': 'invocation', 'label': 'start', 'context': [<snowplow_tracker.self_describing_json.SelfDescribingJson object at 0x10e8c4410>, <snowplow_tracker.self_describing_json.SelfDescribingJson object at 0x10e93d0d0>, <snowplow_tracker.self_describing_json.SelfDescribingJson object at 0x10e93dfd0>]}


============================== 01:49:40.785709 | 2d8c76ef-815f-4eeb-966f-11d032f1a7bb ==============================
[0m01:49:40.785709 [info ] [MainThread]: Running with dbt=1.9.4
[0m01:49:40.786776 [debug] [MainThread]: running dbt with arguments {'printer_width': '80', 'indirect_selection': 'eager', 'write_json': 'True', 'log_cache_events': 'False', 'partial_parse': 'True', 'cache_selected_only': 'False', 'warn_error': 'None', 'version_check': 'True', 'fail_fast': 'False', 'log_path': 'logs', 'profiles_dir': '/Users/lbw1125/.dbt', 'debug': 'False', 'use_colors': 'True', 'use_experimental_parser': 'False', 'empty': 'None', 'quiet': 'False', 'no_print': 'None', 'log_format': 'default', 'static_parser': 'True', 'introspect': 'True', 'invocation_command': 'dbt debug', 'target_path': 'None', 'warn_error_options': 'WarnErrorOptions(include=[], exclude=[])', 'send_anonymous_usage_stats': 'True'}
[0m01:49:40.802780 [info ] [MainThread]: dbt version: 1.9.4
[0m01:49:40.803606 [info ] [MainThread]: python version: 3.11.7
[0m01:49:40.804442 [info ] [MainThread]: python path: /usr/local/opt/python@3.11/bin/python3.11
[0m01:49:40.805186 [info ] [MainThread]: os info: macOS-10.15.7-x86_64-i386-64bit
[0m01:49:42.643587 [info ] [MainThread]: Using profiles dir at /Users/lbw1125/.dbt
[0m01:49:42.644430 [info ] [MainThread]: Using profiles.yml file at /Users/lbw1125/.dbt/profiles.yml
[0m01:49:42.645195 [info ] [MainThread]: Using dbt_project.yml file at /Users/lbw1125/Desktop/de-project/dbt/dbt_project.yml
[0m01:49:42.646355 [info ] [MainThread]: adapter type: bigquery
[0m01:49:42.647690 [info ] [MainThread]: adapter version: 1.9.1
[0m01:49:42.649040 [info ] [MainThread]: Configuration:
[0m01:49:42.650265 [info ] [MainThread]:   profiles.yml file [[32mOK found and valid[0m]
[0m01:49:42.653458 [info ] [MainThread]:   dbt_project.yml file [[31mERROR not found[0m]
[0m01:49:42.655502 [info ] [MainThread]: Required dependencies:
[0m01:49:42.657230 [debug] [MainThread]: Executing "git --help"
[0m01:49:42.710926 [debug] [MainThread]: STDOUT: "b"usage: git [--version] [--help] [-C <path>] [-c <name>=<value>]\n           [--exec-path[=<path>]] [--html-path] [--man-path] [--info-path]\n           [-p | --paginate | -P | --no-pager] [--no-replace-objects] [--bare]\n           [--git-dir=<path>] [--work-tree=<path>] [--namespace=<name>]\n           <command> [<args>]\n\nThese are common Git commands used in various situations:\n\nstart a working area (see also: git help tutorial)\n   clone     Clone a repository into a new directory\n   init      Create an empty Git repository or reinitialize an existing one\n\nwork on the current change (see also: git help everyday)\n   add       Add file contents to the index\n   mv        Move or rename a file, a directory, or a symlink\n   restore   Restore working tree files\n   rm        Remove files from the working tree and from the index\n\nexamine the history and state (see also: git help revisions)\n   bisect    Use binary search to find the commit that introduced a bug\n   diff      Show changes between commits, commit and working tree, etc\n   grep      Print lines matching a pattern\n   log       Show commit logs\n   show      Show various types of objects\n   status    Show the working tree status\n\ngrow, mark and tweak your common history\n   branch    List, create, or delete branches\n   commit    Record changes to the repository\n   merge     Join two or more development histories together\n   rebase    Reapply commits on top of another base tip\n   reset     Reset current HEAD to the specified state\n   switch    Switch branches\n   tag       Create, list, delete or verify a tag object signed with GPG\n\ncollaborate (see also: git help workflows)\n   fetch     Download objects and refs from another repository\n   pull      Fetch from and integrate with another repository or a local branch\n   push      Update remote refs along with associated objects\n\n'git help -a' and 'git help -g' list available subcommands and some\nconcept guides. See 'git help <command>' or 'git help <concept>'\nto read about a specific subcommand or concept.\nSee 'git help git' for an overview of the system.\n""
[0m01:49:42.711956 [debug] [MainThread]: STDERR: "b''"
[0m01:49:42.712496 [info ] [MainThread]:  - git [[32mOK found[0m]

[0m01:49:42.712992 [info ] [MainThread]: Connection:
[0m01:49:42.714130 [info ] [MainThread]:   method: service-account
[0m01:49:42.714881 [info ] [MainThread]:   database: fashion-retail-sales-project
[0m01:49:42.715695 [info ] [MainThread]:   execution_project: fashion-retail-sales-project
[0m01:49:42.717778 [info ] [MainThread]:   schema: fashion_sales_dataset
[0m01:49:42.718698 [info ] [MainThread]:   location: EU
[0m01:49:42.719623 [info ] [MainThread]:   priority: interactive
[0m01:49:42.720423 [info ] [MainThread]:   maximum_bytes_billed: None
[0m01:49:42.722156 [info ] [MainThread]:   impersonate_service_account: None
[0m01:49:42.723010 [info ] [MainThread]:   job_retry_deadline_seconds: None
[0m01:49:42.723935 [info ] [MainThread]:   job_retries: 1
[0m01:49:42.725168 [info ] [MainThread]:   job_creation_timeout_seconds: None
[0m01:49:42.726041 [info ] [MainThread]:   job_execution_timeout_seconds: 300
[0m01:49:42.726594 [info ] [MainThread]:   timeout_seconds: 300
[0m01:49:42.727229 [info ] [MainThread]:   client_id: None
[0m01:49:42.727749 [info ] [MainThread]:   token_uri: None
[0m01:49:42.728431 [info ] [MainThread]:   dataproc_region: None
[0m01:49:42.729007 [info ] [MainThread]:   dataproc_cluster_name: None
[0m01:49:42.729688 [info ] [MainThread]:   gcs_bucket: None
[0m01:49:42.730860 [info ] [MainThread]:   dataproc_batch: None
[0m01:49:42.732619 [info ] [MainThread]: Registered adapter: bigquery=1.9.1
[0m01:49:43.113705 [debug] [MainThread]: Acquiring new bigquery connection 'debug'
[0m01:49:43.114401 [debug] [MainThread]: On debug: select 1 as id
[0m01:49:43.114840 [debug] [MainThread]: Opening a new connection, currently in state init
[0m01:49:43.115443 [debug] [MainThread]: BigQuery adapter: Got an error when attempting to create a bigquery " "client: '[Errno 2] No such file or directory: '~/.google/credentials/google_credentials.json''
[0m01:49:43.115926 [debug] [MainThread]: BigQuery adapter: Unhandled error while running:
select 1 as id
[0m01:49:43.116315 [debug] [MainThread]: BigQuery adapter: Database Error
  [Errno 2] No such file or directory: '~/.google/credentials/google_credentials.json'
[0m01:49:43.116717 [info ] [MainThread]:   Connection test: [[31mERROR[0m]

[0m01:49:43.117540 [info ] [MainThread]: [31m2 checks failed:[0m
[0m01:49:43.118094 [info ] [MainThread]: Project loading failed for the following reason:
 project path </Users/lbw1125/Desktop/de-project/dbt/dbt_project.yml> not found

[0m01:49:43.119289 [info ] [MainThread]: dbt was unable to connect to the specified database.
The database returned the following error:

  >'NoneType' object has no attribute 'close'

Check your database credentials and try again. For more information, visit:
https://docs.getdbt.com/docs/configure-your-profile


[0m01:49:43.121861 [debug] [MainThread]: Resource report: {"command_name": "debug", "command_success": false, "command_wall_clock_time": 2.4939377, "process_in_blocks": "0", "process_kernel_time": 0.627443, "process_mem_max_rss": "175992832", "process_out_blocks": "0", "process_user_time": 2.629352}
[0m01:49:43.124965 [debug] [MainThread]: Command `dbt debug` failed at 01:49:43.124735 after 2.50 seconds
[0m01:49:43.125933 [debug] [MainThread]: Sending event: {'category': 'dbt', 'action': 'invocation', 'label': 'end', 'context': [<snowplow_tracker.self_describing_json.SelfDescribingJson object at 0x10a758550>, <snowplow_tracker.self_describing_json.SelfDescribingJson object at 0x10e920cd0>, <snowplow_tracker.self_describing_json.SelfDescribingJson object at 0x120d19410>]}
[0m01:49:43.126500 [debug] [MainThread]: Flushing usage events
[0m01:49:43.528381 [debug] [MainThread]: An error was encountered while trying to flush usage events
