[2024-12-12T18:58:04.056+0000] {taskinstance.py:1159} INFO - Dependencies all met for dep_context=non-requeueable deps ti=<TaskInstance: data_ingestion.download_zone_data manual__2024-12-12T18:57:23.199628+00:00 [queued]>
[2024-12-12T18:58:04.301+0000] {taskinstance.py:1159} INFO - Dependencies all met for dep_context=requeueable deps ti=<TaskInstance: data_ingestion.download_zone_data manual__2024-12-12T18:57:23.199628+00:00 [queued]>
[2024-12-12T18:58:04.304+0000] {taskinstance.py:1361} INFO - Starting attempt 1 of 1
[2024-12-12T18:58:04.785+0000] {taskinstance.py:1382} INFO - Executing <Task(BashOperator): download_zone_data> on 2024-12-12 18:57:23.199628+00:00
[2024-12-12T18:58:04.828+0000] {standard_task_runner.py:57} INFO - Started process 240 to run task
[2024-12-12T18:58:04.923+0000] {standard_task_runner.py:84} INFO - Running: ['***', 'tasks', 'run', 'data_ingestion', 'download_zone_data', 'manual__2024-12-12T18:57:23.199628+00:00', '--job-id', '17', '--raw', '--subdir', 'DAGS_FOLDER/data_ingestion.py', '--cfg-path', '/tmp/tmpmb4bmos1']
[2024-12-12T18:58:05.013+0000] {standard_task_runner.py:85} INFO - Job 17: Subtask download_zone_data
[2024-12-12T18:58:05.209+0000] {warnings.py:109} WARNING - /home/***/.local/lib/python3.10/site-packages/***/settings.py:195: DeprecationWarning: The sql_alchemy_conn option in [core] has been moved to the sql_alchemy_conn option in [database] - the old setting has been used, but please update your config.
  SQL_ALCHEMY_CONN = conf.get("database", "SQL_ALCHEMY_CONN")

[2024-12-12T18:58:07.955+0000] {task_command.py:416} INFO - Running <TaskInstance: data_ingestion.download_zone_data manual__2024-12-12T18:57:23.199628+00:00 [running]> on host c106b8e753c3
[2024-12-12T18:58:09.565+0000] {taskinstance.py:1662} INFO - Exporting env vars: AIRFLOW_CTX_DAG_OWNER='***' AIRFLOW_CTX_DAG_ID='data_ingestion' AIRFLOW_CTX_TASK_ID='download_zone_data' AIRFLOW_CTX_EXECUTION_DATE='2024-12-12T18:57:23.199628+00:00' AIRFLOW_CTX_TRY_NUMBER='1' AIRFLOW_CTX_DAG_RUN_ID='manual__2024-12-12T18:57:23.199628+00:00'
[2024-12-12T18:58:09.571+0000] {subprocess.py:63} INFO - Tmp dir root location: /tmp
[2024-12-12T18:58:09.573+0000] {subprocess.py:75} INFO - Running command: ['/bin/bash', '-c', 'curl -L -o /opt/***/data/taxi_zone_lookup.csv https://github.com/DataTalksClub/nyc-tlc-data/releases/download/misc/taxi_zone_lookup.csv']
[2024-12-12T18:58:10.307+0000] {subprocess.py:86} INFO - Output:
[2024-12-12T18:58:12.361+0000] {subprocess.py:93} INFO -   % Total    % Received % Xferd  Average Speed   Time    Time     Time  Current
[2024-12-12T18:58:12.364+0000] {subprocess.py:93} INFO -                                  Dload  Upload   Total   Spent    Left  Speed
[2024-12-12T18:58:13.428+0000] {subprocess.py:93} INFO -   0     0    0     0    0     0      0      0 --:--:-- --:--:-- --:--:--     0  0     0    0     0    0     0      0      0 --:--:-- --:--:-- --:--:--     0  0     0    0     0    0     0      0      0 --:--:--  0:00:01 --:--:--     0
[2024-12-12T18:58:15.525+0000] {subprocess.py:93} INFO -   0     0    0     0    0     0      0      0 --:--:--  0:00:02 --:--:--     0  0     0    0     0    0     0      0      0 --:--:--  0:00:02 --:--:--     0100 12322  100 12322    0     0   3873      0  0:00:03  0:00:03 --:--:-- 10962
[2024-12-12T18:58:16.001+0000] {subprocess.py:97} INFO - Command exited with return code 0
[2024-12-12T18:58:16.902+0000] {taskinstance.py:1400} INFO - Marking task as SUCCESS. dag_id=data_ingestion, task_id=download_zone_data, execution_date=20241212T185723, start_date=20241212T185804, end_date=20241212T185816
[2024-12-12T18:58:19.300+0000] {local_task_job_runner.py:228} INFO - Task exited with return code 0
[2024-12-12T18:58:21.215+0000] {taskinstance.py:2778} INFO - 0 downstream tasks scheduled from follow-on schedule check
