[2024-12-12T19:30:32.000+0000] {taskinstance.py:1159} INFO - Dependencies all met for dep_context=non-requeueable deps ti=<TaskInstance: data_ingestion.download_zone_data manual__2024-12-12T19:30:02.643953+00:00 [queued]>
[2024-12-12T19:30:32.133+0000] {taskinstance.py:1159} INFO - Dependencies all met for dep_context=requeueable deps ti=<TaskInstance: data_ingestion.download_zone_data manual__2024-12-12T19:30:02.643953+00:00 [queued]>
[2024-12-12T19:30:32.140+0000] {taskinstance.py:1361} INFO - Starting attempt 1 of 1
[2024-12-12T19:30:32.343+0000] {taskinstance.py:1382} INFO - Executing <Task(BashOperator): download_zone_data> on 2024-12-12 19:30:02.643953+00:00
[2024-12-12T19:30:32.406+0000] {standard_task_runner.py:57} INFO - Started process 957 to run task
[2024-12-12T19:30:32.456+0000] {standard_task_runner.py:84} INFO - Running: ['***', 'tasks', 'run', 'data_ingestion', 'download_zone_data', 'manual__2024-12-12T19:30:02.643953+00:00', '--job-id', '20', '--raw', '--subdir', 'DAGS_FOLDER/data_ingestion.py', '--cfg-path', '/tmp/tmpea9cvfsw']
[2024-12-12T19:30:32.522+0000] {standard_task_runner.py:85} INFO - Job 20: Subtask download_zone_data
[2024-12-12T19:30:32.724+0000] {warnings.py:109} WARNING - /home/***/.local/lib/python3.10/site-packages/***/settings.py:195: DeprecationWarning: The sql_alchemy_conn option in [core] has been moved to the sql_alchemy_conn option in [database] - the old setting has been used, but please update your config.
  SQL_ALCHEMY_CONN = conf.get("database", "SQL_ALCHEMY_CONN")

[2024-12-12T19:30:33.015+0000] {task_command.py:416} INFO - Running <TaskInstance: data_ingestion.download_zone_data manual__2024-12-12T19:30:02.643953+00:00 [running]> on host c106b8e753c3
[2024-12-12T19:30:34.419+0000] {taskinstance.py:1662} INFO - Exporting env vars: AIRFLOW_CTX_DAG_OWNER='***' AIRFLOW_CTX_DAG_ID='data_ingestion' AIRFLOW_CTX_TASK_ID='download_zone_data' AIRFLOW_CTX_EXECUTION_DATE='2024-12-12T19:30:02.643953+00:00' AIRFLOW_CTX_TRY_NUMBER='1' AIRFLOW_CTX_DAG_RUN_ID='manual__2024-12-12T19:30:02.643953+00:00'
[2024-12-12T19:30:34.429+0000] {subprocess.py:63} INFO - Tmp dir root location: /tmp
[2024-12-12T19:30:34.470+0000] {subprocess.py:75} INFO - Running command: ['/bin/bash', '-c', 'curl -L -o /opt/***/data/taxi_zone_lookup.csv https://github.com/DataTalksClub/nyc-tlc-data/releases/download/misc/taxi_zone_lookup.csv']
[2024-12-12T19:30:34.595+0000] {subprocess.py:86} INFO - Output:
[2024-12-12T19:30:34.694+0000] {subprocess.py:93} INFO -   % Total    % Received % Xferd  Average Speed   Time    Time     Time  Current
[2024-12-12T19:30:34.696+0000] {subprocess.py:93} INFO -                                  Dload  Upload   Total   Spent    Left  Speed
[2024-12-12T19:30:35.328+0000] {subprocess.py:93} INFO -   0     0    0     0    0     0      0      0 --:--:-- --:--:-- --:--:--     0  0     0    0     0    0     0      0      0 --:--:-- --:--:-- --:--:--     0  0     0    0     0    0     0      0      0 --:--:-- --:--:-- --:--:--     0
[2024-12-12T19:30:36.329+0000] {subprocess.py:93} INFO - 100 12322  100 12322    0     0   7531      0  0:00:01  0:00:01 --:--:--  7531100 12322  100 12322    0     0   7531      0  0:00:01  0:00:01 --:--:--     0
[2024-12-12T19:30:36.335+0000] {subprocess.py:97} INFO - Command exited with return code 0
[2024-12-12T19:30:36.455+0000] {taskinstance.py:1400} INFO - Marking task as SUCCESS. dag_id=data_ingestion, task_id=download_zone_data, execution_date=20241212T193002, start_date=20241212T193032, end_date=20241212T193036
[2024-12-12T19:30:36.974+0000] {local_task_job_runner.py:228} INFO - Task exited with return code 0
[2024-12-12T19:30:37.757+0000] {taskinstance.py:2778} INFO - 0 downstream tasks scheduled from follow-on schedule check
