[2025-04-18T19:28:51.779+0000] {taskinstance.py:1159} INFO - Dependencies all met for dep_context=non-requeueable deps ti=<TaskInstance: data_ingestion.csv_data_to_parquet manual__2025-04-18T19:23:37.431616+00:00 [queued]>
[2025-04-18T19:28:52.439+0000] {taskinstance.py:1159} INFO - Dependencies all met for dep_context=requeueable deps ti=<TaskInstance: data_ingestion.csv_data_to_parquet manual__2025-04-18T19:23:37.431616+00:00 [queued]>
[2025-04-18T19:28:52.441+0000] {taskinstance.py:1361} INFO - Starting attempt 1 of 1
[2025-04-18T19:28:52.872+0000] {taskinstance.py:1382} INFO - Executing <Task(BashOperator): csv_data_to_parquet> on 2025-04-18 19:23:37.431616+00:00
[2025-04-18T19:28:53.241+0000] {standard_task_runner.py:57} INFO - Started process 301 to run task
[2025-04-18T19:28:53.298+0000] {standard_task_runner.py:84} INFO - Running: ['***', 'tasks', 'run', 'data_ingestion', 'csv_data_to_parquet', 'manual__2025-04-18T19:23:37.431616+00:00', '--job-id', '66', '--raw', '--subdir', 'DAGS_FOLDER/data_ingestion.py', '--cfg-path', '/tmp/tmpd4gia_up']
[2025-04-18T19:28:53.492+0000] {standard_task_runner.py:85} INFO - Job 66: Subtask csv_data_to_parquet
[2025-04-18T19:28:53.883+0000] {warnings.py:109} WARNING - /home/***/.local/lib/python3.10/site-packages/***/settings.py:195: DeprecationWarning: The sql_alchemy_conn option in [core] has been moved to the sql_alchemy_conn option in [database] - the old setting has been used, but please update your config.
  SQL_ALCHEMY_CONN = conf.get("database", "SQL_ALCHEMY_CONN")

[2025-04-18T19:28:54.399+0000] {task_command.py:416} INFO - Running <TaskInstance: data_ingestion.csv_data_to_parquet manual__2025-04-18T19:23:37.431616+00:00 [running]> on host e929439072d8
[2025-04-18T19:28:56.084+0000] {taskinstance.py:1662} INFO - Exporting env vars: AIRFLOW_CTX_DAG_OWNER='***' AIRFLOW_CTX_DAG_ID='data_ingestion' AIRFLOW_CTX_TASK_ID='csv_data_to_parquet' AIRFLOW_CTX_EXECUTION_DATE='2025-04-18T19:23:37.431616+00:00' AIRFLOW_CTX_TRY_NUMBER='1' AIRFLOW_CTX_DAG_RUN_ID='manual__2025-04-18T19:23:37.431616+00:00'
[2025-04-18T19:28:56.103+0000] {subprocess.py:63} INFO - Tmp dir root location: /tmp
[2025-04-18T19:28:56.138+0000] {subprocess.py:75} INFO - Running command: ['/bin/bash', '-c', 'python /opt/***/scripts/csv_to_parquet_duckdb.py']
[2025-04-18T19:28:56.891+0000] {subprocess.py:86} INFO - Output:
[2025-04-18T19:29:44.117+0000] {subprocess.py:93} INFO - 2025-04-18 19:29:44,117 - INFO - Converted: /opt/***/data/raw/customers.csv -> /opt/***/data/parquet/customers.parquet
[2025-04-18T19:29:47.836+0000] {subprocess.py:93} INFO - 2025-04-18 19:29:47,791 - INFO - Converted: /opt/***/data/raw/products.csv -> /opt/***/data/parquet/products.parquet
[2025-04-18T19:31:19.358+0000] {subprocess.py:93} INFO - 2025-04-18 19:31:19,357 - INFO - Converted: /opt/***/data/raw/transactions.csv -> /opt/***/data/parquet/transactions.parquet
[2025-04-18T19:31:19.927+0000] {subprocess.py:97} INFO - Command exited with return code 0
[2025-04-18T19:31:20.079+0000] {taskinstance.py:1400} INFO - Marking task as SUCCESS. dag_id=data_ingestion, task_id=csv_data_to_parquet, execution_date=20250418T192337, start_date=20250418T192851, end_date=20250418T193120
[2025-04-18T19:31:20.389+0000] {local_task_job_runner.py:228} INFO - Task exited with return code 0
[2025-04-18T19:31:20.637+0000] {taskinstance.py:2778} INFO - 1 downstream tasks scheduled from follow-on schedule check
