[2025-04-18T17:33:07.054+0000] {taskinstance.py:1159} INFO - Dependencies all met for dep_context=non-requeueable deps ti=<TaskInstance: data_ingestion.csv_data_to_parquet manual__2025-04-18T03:20:57.015355+00:00 [queued]>
[2025-04-18T17:33:07.070+0000] {taskinstance.py:1159} INFO - Dependencies all met for dep_context=requeueable deps ti=<TaskInstance: data_ingestion.csv_data_to_parquet manual__2025-04-18T03:20:57.015355+00:00 [queued]>
[2025-04-18T17:33:07.071+0000] {taskinstance.py:1361} INFO - Starting attempt 1 of 1
[2025-04-18T17:33:07.090+0000] {taskinstance.py:1382} INFO - Executing <Task(BashOperator): csv_data_to_parquet> on 2025-04-18 03:20:57.015355+00:00
[2025-04-18T17:33:07.098+0000] {standard_task_runner.py:57} INFO - Started process 1275 to run task
[2025-04-18T17:33:07.105+0000] {standard_task_runner.py:84} INFO - Running: ['***', 'tasks', 'run', 'data_ingestion', 'csv_data_to_parquet', 'manual__2025-04-18T03:20:57.015355+00:00', '--job-id', '53', '--raw', '--subdir', 'DAGS_FOLDER/data_ingestion.py', '--cfg-path', '/tmp/tmpv_ev_vj7']
[2025-04-18T17:33:07.148+0000] {standard_task_runner.py:85} INFO - Job 53: Subtask csv_data_to_parquet
[2025-04-18T17:33:07.175+0000] {warnings.py:109} WARNING - /home/***/.local/lib/python3.10/site-packages/***/settings.py:195: DeprecationWarning: The sql_alchemy_conn option in [core] has been moved to the sql_alchemy_conn option in [database] - the old setting has been used, but please update your config.
  SQL_ALCHEMY_CONN = conf.get("database", "SQL_ALCHEMY_CONN")

[2025-04-18T17:33:07.283+0000] {task_command.py:416} INFO - Running <TaskInstance: data_ingestion.csv_data_to_parquet manual__2025-04-18T03:20:57.015355+00:00 [running]> on host 30488d8db4a7
[2025-04-18T17:33:07.476+0000] {taskinstance.py:1662} INFO - Exporting env vars: AIRFLOW_CTX_DAG_OWNER='***' AIRFLOW_CTX_DAG_ID='data_ingestion' AIRFLOW_CTX_TASK_ID='csv_data_to_parquet' AIRFLOW_CTX_EXECUTION_DATE='2025-04-18T03:20:57.015355+00:00' AIRFLOW_CTX_TRY_NUMBER='1' AIRFLOW_CTX_DAG_RUN_ID='manual__2025-04-18T03:20:57.015355+00:00'
[2025-04-18T17:33:07.480+0000] {subprocess.py:63} INFO - Tmp dir root location: /tmp
[2025-04-18T17:33:07.482+0000] {subprocess.py:75} INFO - Running command: ['/bin/bash', '-c', 'python /opt/***/scripts/csv_to_parquet_duckdb.py']
[2025-04-18T17:33:07.506+0000] {subprocess.py:86} INFO - Output:
[2025-04-18T17:33:44.818+0000] {subprocess.py:93} INFO - 2025-04-18 17:33:44,817 - INFO - Converted: /opt/***/data/raw/customers.csv -> /opt/***/data/parquet/customers.parquet
[2025-04-18T17:33:46.923+0000] {subprocess.py:93} INFO - 2025-04-18 17:33:46,917 - INFO - Converted: /opt/***/data/raw/products.csv -> /opt/***/data/parquet/products.parquet
[2025-04-18T17:35:16.051+0000] {subprocess.py:93} INFO - 2025-04-18 17:35:16,049 - INFO - Converted: /opt/***/data/raw/transactions.csv -> /opt/***/data/parquet/transactions.parquet
[2025-04-18T17:35:16.666+0000] {subprocess.py:97} INFO - Command exited with return code 0
[2025-04-18T17:35:16.936+0000] {taskinstance.py:1400} INFO - Marking task as SUCCESS. dag_id=data_ingestion, task_id=csv_data_to_parquet, execution_date=20250418T032057, start_date=20250418T173307, end_date=20250418T173516
[2025-04-18T17:35:17.075+0000] {local_task_job_runner.py:228} INFO - Task exited with return code 0
[2025-04-18T17:35:17.140+0000] {taskinstance.py:2778} INFO - 0 downstream tasks scheduled from follow-on schedule check
